<?xml version="1.0" encoding="UTF-8"?>
<testng-results skipped="0" failed="0" ignored="0" total="1" passed="1">
  <reporter-output>
  </reporter-output>
  <suite name="Surefire suite" duration-ms="74" started-at="2021-12-21T23:31:47Z" finished-at="2021-12-21T23:31:47Z">
    <groups>
    </groups>
    <test name="Surefire test" duration-ms="74" started-at="2021-12-21T23:31:47Z" finished-at="2021-12-21T23:31:47Z">
      <class name="com.amazon.AppTest">
        <test-method status="PASS" signature="shouldAnswerWithTrue()" name="shouldAnswerWithTrue" duration-ms="10" started-at="2021-12-21T23:31:47Z" finished-at="2021-12-21T23:31:47Z">
          <reporter-output>
          </reporter-output>
        </test-method> <!-- shouldAnswerWithTrue -->
      </class> <!-- com.amazon.AppTest -->
    </test> <!-- Surefire test -->
  </suite> <!-- Surefire suite -->
</testng-results>
